<?xml version="1.0" encoding="UTF-8"?>
<!-- Generated by org.testng.reporters.JUnitXMLReporter -->
<testsuite ignored="0" hostname="DESKTOP-R9QIMTM" failures="1" tests="2" name="Test" time="205.554" errors="0" timestamp="2024-07-10T14:28:47 IST">
  <testcase classname="LandingPageTest.LoginValidationTest" name="superAdminLoginTest" time="5.414">
    <failure type="java.lang.AssertionError" message="expected [true] but found [false]">
      <![CDATA[java.lang.AssertionError: expected [true] but found [false]
at LandingPageTest.LoginValidationTest.superAdminLoginTest(LoginValidationTest.java:32)
at java.base/java.util.ArrayList.forEach(ArrayList.java:1511)
... Removed 31 stack frames]]>
    </failure>
  </testcase> <!-- superAdminLoginTest -->
  <testcase classname="LandingPageTest.HeaderValidationTest" name="headerValidation" time="113.711"/>
</testsuite> <!-- Test -->
